2025.02.18 19:57:59 INFO  Started: Metals version 1.5.1 in folders 'V:\scala Assignment 2\Scala Assignment 5\myfifthproject' for client Visual Studio Code 1.97.2.
2025.02.18 19:58:01 INFO  no build target found for V:\scala Assignment 2\Scala Assignment 5\myfifthproject\src\main\scala\Task1.scala. Using presentation compiler with project's scala-library version: 3.3.4
Feb 18, 2025 7:58:02 PM org.eclipse.lsp4j.jsonrpc.RemoteEndpoint handleCancellation
WARNING: Unmatched cancel notification for request id 2
Feb 18, 2025 7:58:02 PM org.eclipse.lsp4j.jsonrpc.RemoteEndpoint handleCancellation
WARNING: Unmatched cancel notification for request id 1
2025.02.18 19:58:01 INFO  no build target found for V:\scala Assignment 2\Scala Assignment 5\myfifthproject\src\main\scala\task2.scala. Using presentation compiler with project's scala-library version: 3.3.4
2025.02.18 19:58:02 INFO  no build target found for V:\scala Assignment 2\Scala Assignment 5\myfifthproject\src\main\scala\task2.scala. Using presentation compiler with project's scala-library version: 3.3.4
2025.02.18 19:58:02 INFO  no build target found for V:\scala Assignment 2\Scala Assignment 5\myfifthproject\src\main\scala\task2.scala. Using presentation compiler with project's scala-library version: 3.3.4
Feb 18, 2025 7:58:02 PM org.eclipse.lsp4j.jsonrpc.RemoteEndpoint handleCancellation
WARNING: Unmatched cancel notification for request id 5
Feb 18, 2025 7:58:02 PM org.eclipse.lsp4j.jsonrpc.RemoteEndpoint handleCancellation
WARNING: Unmatched cancel notification for request id 8
Feb 18, 2025 7:58:02 PM org.eclipse.lsp4j.jsonrpc.RemoteEndpoint handleCancellation
WARNING: Unmatched cancel notification for request id 6
2025.02.18 19:58:02 INFO  no build target found for V:\scala Assignment 2\Scala Assignment 5\myfifthproject\src\main\scala\Task3.scala. Using presentation compiler with project's scala-library version: 3.3.4
2025.02.18 19:58:02 INFO  no build target found for V:\scala Assignment 2\Scala Assignment 5\myfifthproject\src\main\scala\Task3.scala. Using presentation compiler with project's scala-library version: 3.3.4
2025.02.18 19:58:02 INFO  no build target found for V:\scala Assignment 2\Scala Assignment 5\myfifthproject\src\main\scala\Task3.scala. Using presentation compiler with project's scala-library version: 3.3.4
Feb 18, 2025 7:58:03 PM org.eclipse.lsp4j.jsonrpc.RemoteEndpoint handleCancellation
WARNING: Unmatched cancel notification for request id 18
2025.02.18 19:58:02 INFO  no build target found for V:\scala Assignment 2\Scala Assignment 5\myfifthproject\src\main\scala\Task3.scala. Using presentation compiler with project's scala-library version: 3.3.4
2025.02.18 19:58:02 INFO  no build target found for V:\scala Assignment 2\Scala Assignment 5\myfifthproject\src\main\scala\Task3.scala. Using presentation compiler with project's scala-library version: 3.3.4
Feb 18, 2025 7:58:03 PM org.eclipse.lsp4j.jsonrpc.RemoteEndpoint handleCancellation
WARNING: Unmatched cancel notification for request id 22
2025.02.18 19:58:02 INFO  no build target found for V:\scala Assignment 2\Scala Assignment 5\myfifthproject\src\main\scala\Task3.scala. Using presentation compiler with project's scala-library version: 3.3.4
2025.02.18 19:58:04 INFO  no build target found for V:\scala Assignment 2\Scala Assignment 5\myfifthproject\src\test\scala\validationSpec.scala. Using presentation compiler with project's scala-library version: 3.3.4
2025.02.18 19:58:04 INFO  no build target found for V:\scala Assignment 2\Scala Assignment 5\myfifthproject\src\test\scala\validationSpec.scala. Using presentation compiler with project's scala-library version: 3.3.4
2025.02.18 19:58:05 INFO  no build target found for V:\scala Assignment 2\Scala Assignment 5\myfifthproject\src\test\scala\validationSpec.scala. Using presentation compiler with project's scala-library version: 3.3.4
2025.02.18 19:58:04 INFO  no build target found for V:\scala Assignment 2\Scala Assignment 5\myfifthproject\src\test\scala\validationSpec.scala. Using presentation compiler with project's scala-library version: 3.3.4
2025.02.18 19:58:07 INFO  no build target found for V:\scala Assignment 2\Scala Assignment 5\myfifthproject\src\test\scala\validationSpec.scala. Using presentation compiler with project's scala-library version: 3.3.4
Feb 18, 2025 7:58:07 PM org.eclipse.lsp4j.jsonrpc.RemoteEndpoint handleCancellation
WARNING: Unmatched cancel notification for request id 36
Feb 18, 2025 7:58:07 PM org.eclipse.lsp4j.jsonrpc.RemoteEndpoint handleCancellation
WARNING: Unmatched cancel notification for request id 37
Feb 18, 2025 7:58:07 PM org.eclipse.lsp4j.jsonrpc.RemoteEndpoint handleCancellation
WARNING: Unmatched cancel notification for request id 39
Feb 18, 2025 7:58:07 PM org.eclipse.lsp4j.jsonrpc.RemoteEndpoint handleCancellation
WARNING: Unmatched cancel notification for request id 40
2025.02.18 19:58:11 INFO  no build target found for V:\scala Assignment 2\Scala Assignment 5\myfifthproject\src\main\scala\task2.scala. Using presentation compiler with project's scala-library version: 3.3.4
2025.02.18 19:58:12 INFO  no build target found for V:\scala Assignment 2\Scala Assignment 5\myfifthproject\src\test\scala\validationSpec.scala. Using presentation compiler with project's scala-library version: 3.3.4
2025.02.18 19:58:12 INFO  no build target found for V:\scala Assignment 2\Scala Assignment 5\myfifthproject\src\main\scala\Task1.scala. Using presentation compiler with project's scala-library version: 3.3.4
2025.02.18 19:58:12 INFO  no build target found for V:\scala Assignment 2\Scala Assignment 5\myfifthproject\src\main\scala\Task3.scala. Using presentation compiler with project's scala-library version: 3.3.4
2025.02.18 19:58:32 INFO  no build target found for V:\scala Assignment 2\Scala Assignment 5\myfifthproject\src\test\scala\validationSpec.scala. Using presentation compiler with project's scala-library version: 3.3.4
2025.02.18 19:58:32 INFO  no build target found for V:\scala Assignment 2\Scala Assignment 5\myfifthproject\src\test\scala\validationSpec.scala. Using presentation compiler with project's scala-library version: 3.3.4
2025.02.18 19:58:38 INFO  no build target found for V:\scala Assignment 2\Scala Assignment 5\myfifthproject\src\test\scala\validationSpec.scala. Using presentation compiler with project's scala-library version: 3.3.4
2025.02.18 19:58:38 INFO  no build target found for V:\scala Assignment 2\Scala Assignment 5\myfifthproject\src\test\scala\validationSpec.scala. Using presentation compiler with project's scala-library version: 3.3.4
2025.02.18 19:58:38 INFO  no build target found for V:\scala Assignment 2\Scala Assignment 5\myfifthproject\src\test\scala\validationSpec.scala. Using presentation compiler with project's scala-library version: 3.3.4
2025.02.18 19:58:43 INFO  no build target found for V:\scala Assignment 2\Scala Assignment 5\myfifthproject\src\test\scala\validationSpec.scala. Using presentation compiler with project's scala-library version: 3.3.4
2025.02.18 19:58:43 INFO  no build target found for V:\scala Assignment 2\Scala Assignment 5\myfifthproject\src\test\scala\validationSpec.scala. Using presentation compiler with project's scala-library version: 3.3.4
2025.02.18 19:58:43 INFO  no build target found for V:\scala Assignment 2\Scala Assignment 5\myfifthproject\src\test\scala\validationSpec.scala. Using presentation compiler with project's scala-library version: 3.3.4
2025.02.18 19:58:48 INFO  no build target found for V:\scala Assignment 2\Scala Assignment 5\myfifthproject\src\test\scala\validationSpec.scala. Using presentation compiler with project's scala-library version: 3.3.4
2025.02.18 19:58:48 INFO  no build target found for V:\scala Assignment 2\Scala Assignment 5\myfifthproject\src\test\scala\validationSpec.scala. Using presentation compiler with project's scala-library version: 3.3.4
2025.02.18 19:58:48 INFO  no build target found for V:\scala Assignment 2\Scala Assignment 5\myfifthproject\src\test\scala\validationSpec.scala. Using presentation compiler with project's scala-library version: 3.3.4
2025.02.18 19:58:50 INFO  no build target found for V:\scala Assignment 2\Scala Assignment 5\myfifthproject\src\test\scala\validationSpec.scala. Using presentation compiler with project's scala-library version: 3.3.4
2025.02.18 19:58:54 INFO  no build target found for V:\scala Assignment 2\Scala Assignment 5\myfifthproject\src\test\scala\validationSpec.scala. Using presentation compiler with project's scala-library version: 3.3.4
2025.02.18 19:58:56 INFO  no build target found for V:\scala Assignment 2\Scala Assignment 5\myfifthproject\src\test\scala\validationSpec.scala. Using presentation compiler with project's scala-library version: 3.3.4
2025.02.18 19:59:00 INFO  no build target found for V:\scala Assignment 2\Scala Assignment 5\myfifthproject\src\test\scala\validationSpec.scala. Using presentation compiler with project's scala-library version: 3.3.4
2025.02.18 19:59:00 INFO  no build target found for V:\scala Assignment 2\Scala Assignment 5\myfifthproject\src\test\scala\validationSpec.scala. Using presentation compiler with project's scala-library version: 3.3.4
2025.02.18 19:59:00 INFO  no build target found for V:\scala Assignment 2\Scala Assignment 5\myfifthproject\src\test\scala\validationSpec.scala. Using presentation compiler with project's scala-library version: 3.3.4
2025.02.18 19:59:02 INFO  no build target found for V:\scala Assignment 2\Scala Assignment 5\myfifthproject\src\test\scala\validationSpec.scala. Using presentation compiler with project's scala-library version: 3.3.4
2025.02.18 19:59:02 INFO  no build target found for V:\scala Assignment 2\Scala Assignment 5\myfifthproject\src\test\scala\validationSpec.scala. Using presentation compiler with project's scala-library version: 3.3.4
2025.02.18 19:59:02 INFO  no build target found for V:\scala Assignment 2\Scala Assignment 5\myfifthproject\src\test\scala\validationSpec.scala. Using presentation compiler with project's scala-library version: 3.3.4
2025.02.18 19:59:08 INFO  Shutting down server
2025.02.18 19:59:08 INFO  shutting down Metals
2025.02.18 19:59:08 INFO  Exiting server
2025.02.18 20:23:01 INFO  Started: Metals version 1.5.1 in folders 'V:\scala Assignment 2\Scala Assignment 5\myfifthproject' for client Visual Studio Code 1.97.2.
2025.02.18 20:23:03 INFO  no build target found for V:\scala Assignment 2\Scala Assignment 5\myfifthproject\src\test\scala\validationSpec.scala. Using presentation compiler with project's scala-library version: 3.3.4
2025.02.18 20:23:05 INFO  no build target found for V:\scala Assignment 2\Scala Assignment 5\myfifthproject\src\test\scala\validationSpec.scala. Using presentation compiler with project's scala-library version: 3.3.4
2025.02.18 20:23:05 INFO  no build target found for V:\scala Assignment 2\Scala Assignment 5\myfifthproject\src\test\scala\validationSpec.scala. Using presentation compiler with project's scala-library version: 3.3.4
2025.02.18 20:23:05 INFO  no build target found for V:\scala Assignment 2\Scala Assignment 5\myfifthproject\src\test\scala\validationSpec.scala. Using presentation compiler with project's scala-library version: 3.3.4
2025.02.18 20:23:05 INFO  no build target found for V:\scala Assignment 2\Scala Assignment 5\myfifthproject\src\test\scala\validationSpec.scala. Using presentation compiler with project's scala-library version: 3.3.4
Feb 18, 2025 8:23:05 PM org.eclipse.lsp4j.jsonrpc.RemoteEndpoint handleCancellation
WARNING: Unmatched cancel notification for request id 9
Feb 18, 2025 8:23:05 PM org.eclipse.lsp4j.jsonrpc.RemoteEndpoint handleCancellation
WARNING: Unmatched cancel notification for request id 10
2025.02.18 20:23:07 INFO  no build target found for V:\scala Assignment 2\Scala Assignment 5\myfifthproject\src\test\scala\validationSpec.scala. Using presentation compiler with project's scala-library version: 3.3.4
2025.02.18 20:23:09 INFO  no build target found for V:\scala Assignment 2\Scala Assignment 5\myfifthproject\src\test\scala\validationSpec.scala. Using presentation compiler with project's scala-library version: 3.3.4
2025.02.18 20:23:25 INFO  Shutting down server
2025.02.18 20:23:25 INFO  shutting down Metals
2025.02.18 20:23:25 INFO  Exiting server
