2025.02.18 19:59:28 INFO  Started: Metals version 1.5.1 in folders 'V:\scala Assignment 2\Scala Assignment 6\mysixthproject' for client Visual Studio Code 1.97.2.
2025.02.18 19:59:29 INFO  no build target found for V:\scala Assignment 2\Scala Assignment 6\mysixthproject\src\main\scala\Task1.scala. Using presentation compiler with project's scala-library version: 3.3.4
2025.02.18 19:59:30 INFO  no build target found for V:\scala Assignment 2\Scala Assignment 6\mysixthproject\src\main\scala\Task1.scala. Using presentation compiler with project's scala-library version: 3.3.4
2025.02.18 19:59:30 INFO  no build target found for V:\scala Assignment 2\Scala Assignment 6\mysixthproject\src\test\scala\validateSpec.scala. Using presentation compiler with project's scala-library version: 3.3.4
2025.02.18 19:59:30 INFO  no build target found for V:\scala Assignment 2\Scala Assignment 6\mysixthproject\src\test\scala\validateSpec.scala. Using presentation compiler with project's scala-library version: 3.3.4
2025.02.18 19:59:31 INFO  no build target found for V:\scala Assignment 2\Scala Assignment 6\mysixthproject\src\test\scala\validateSpec.scala. Using presentation compiler with project's scala-library version: 3.3.4
2025.02.18 19:59:30 INFO  no build target found for V:\scala Assignment 2\Scala Assignment 6\mysixthproject\src\test\scala\validateSpec.scala. Using presentation compiler with project's scala-library version: 3.3.4
2025.02.18 19:59:33 INFO  no build target found for V:\scala Assignment 2\Scala Assignment 6\mysixthproject\src\test\scala\validateSpec.scala. Using presentation compiler with project's scala-library version: 3.3.4
2025.02.18 19:59:36 INFO  no build target found for V:\scala Assignment 2\Scala Assignment 6\mysixthproject\src\test\scala\validateSpec.scala. Using presentation compiler with project's scala-library version: 3.3.4
2025.02.18 19:59:36 INFO  no build target found for V:\scala Assignment 2\Scala Assignment 6\mysixthproject\src\test\scala\validateSpec.scala. Using presentation compiler with project's scala-library version: 3.3.4
2025.02.18 19:59:39 INFO  no build target found for V:\scala Assignment 2\Scala Assignment 6\mysixthproject\src\main\scala\Task1.scala. Using presentation compiler with project's scala-library version: 3.3.4
2025.02.18 19:59:40 INFO  no build target found for V:\scala Assignment 2\Scala Assignment 6\mysixthproject\src\test\scala\validateSpec.scala. Using presentation compiler with project's scala-library version: 3.3.4
2025.02.18 19:59:40 INFO  no build target found for V:\scala Assignment 2\Scala Assignment 6\mysixthproject\src\test\scala\validateSpec.scala. Using presentation compiler with project's scala-library version: 3.3.4
2025.02.18 19:59:40 INFO  no build target found for V:\scala Assignment 2\Scala Assignment 6\mysixthproject\src\main\scala\Task2.scala. Using presentation compiler with project's scala-library version: 3.3.4
2025.02.18 19:59:45 INFO  no build target found for V:\scala Assignment 2\Scala Assignment 6\mysixthproject\src\test\scala\validateSpec.scala. Using presentation compiler with project's scala-library version: 3.3.4
2025.02.18 19:59:47 INFO  no build target found for V:\scala Assignment 2\Scala Assignment 6\mysixthproject\src\test\scala\validateSpec.scala. Using presentation compiler with project's scala-library version: 3.3.4
2025.02.18 19:59:47 INFO  no build target found for V:\scala Assignment 2\Scala Assignment 6\mysixthproject\src\test\scala\validateSpec.scala. Using presentation compiler with project's scala-library version: 3.3.4
2025.02.18 19:59:47 INFO  no build target found for V:\scala Assignment 2\Scala Assignment 6\mysixthproject\src\test\scala\validateSpec.scala. Using presentation compiler with project's scala-library version: 3.3.4
2025.02.18 19:59:55 INFO  no build target found for V:\scala Assignment 2\Scala Assignment 6\mysixthproject\src\test\scala\validateSpec.scala. Using presentation compiler with project's scala-library version: 3.3.4
Feb 18, 2025 7:59:55 PM scala.meta.internal.metals.StdReporter $anonfun$create$1
SEVERE: empty definition using pc, found symbol in pc: `<none>`. (full report at: V:\scala Assignment 2\Scala Assignment 6\mysixthproject\.metals\.reports\metals-full\2025-02-18\r_empty-definition_19-59-55-362.md)
2025.02.18 19:59:55 WARN  no build target for: V:\scala Assignment 2\Scala Assignment 6\mysixthproject\src\test\scala\validateSpec.scala
2025.02.18 19:59:55 INFO  no build target found for V:\scala Assignment 2\Scala Assignment 6\mysixthproject\src\test\scala\validateSpec.scala. Using presentation compiler with project's scala-library version: 3.3.4
2025.02.18 20:00:41 INFO  Shutting down server
2025.02.18 20:00:41 INFO  shutting down Metals
2025.02.18 20:00:41 INFO  Exiting server
